


ARM Macro Assembler    Page 1 


    1 00000000         ;
    2 00000000         ;Copyright (c) 2008 Mars Semiconductor Corp.
    3 00000000         ;
    4 00000000         ;Module Name:
    5 00000000         ;
    6 00000000         ; embed_uish.s
    7 00000000         ;
    8 00000000         ;Abstract:
    9 00000000         ;
   10 00000000         ;    The heap region.
   11 00000000         ;
   12 00000000         ;   This implementation of __user_initial_stackheap plac
                       es the
   13 00000000         ;   heap at the location of the symbol bottom_of_heap.  
                       
   14 00000000         ;
   15 00000000         ;   This symbol is placed by the scatter file.  
   16 00000000         ;   It assumes that the application mode stack has been 
                       placed
   17 00000000         ;   in the reset handler.  
   18 00000000         ;
   19 00000000         ;Environment:
   20 00000000         ;
   21 00000000         ;    ARM RealView Developer Suite
   22 00000000         ;
   23 00000000         ;Revision History:
   24 00000000         ; 
   25 00000000         ; 2005/08/26 David Tsai Create 
   26 00000000         ;
   27 00000000         
   28 00000000                 PRESERVE8
   29 00000000         
   30 00000000                 AREA             UISH, CODE, READONLY ; name thi
                                                            s block of code
   31 00000000         
   32 00000000                 IF               :DEF: LOCATIONS_IN_CODE
   35 00000000         
   36 00000000                 IF               :DEF: USE_SCATTER_SYMS ;CY 1023
                                                            
   37 00000000         
   38 00000000                 IMPORT           ||Image$$RAM_HEAP$$ZI$$Base||
   39 00000000                 IMPORT           ||Image$$RAM_HEAP$$ZI$$Limit||
   40 00000000         
   41 00000000 00000000 
                       heap_base
                               DCD              ||Image$$RAM_HEAP$$ZI$$Base||
   42 00000004 00000000 
                       heap_limit
                               DCD              ||Image$$RAM_HEAP$$ZI$$Limit||
   43 00000008         
   44 00000008                 ENDIF
   45 00000008                 ENDIF
   46 00000008         
   47 00000008                 EXPORT           __user_initial_stackheap
   48 00000008         
   49 00000008         __user_initial_stackheap
                               FUNCTION
   50 00000008 E51F0010        LDR              r0,heap_base
   51 0000000C E1A0F00E        MOV              pc,lr



ARM Macro Assembler    Page 2 


   52 00000010                 ENDFUNC
   53 00000010         
   54 00000010                 END
Command Line: --debug --xref --diag_suppress=9931 --depend=.\out\obj\embed_uish
.d -o.\out\obj\embed_uish.o -I.\inc -IC:\Keil_v5\ARM\RV31\INC -IC:\Keil_v5\ARM\
CMSIS\Include --predefine="__UVISION_VERSION SETA 518" --predefine="USE_SCATTER
_SYMS SETA 1" --list=.\out\lst\embed_uish.lst board\src\embed_uish.s



ARM Macro Assembler    Page 1 Alphabetic symbol ordering
Relocatable symbols

UISH 00000000

Symbol: UISH
   Definitions
      At line 30 in file board\src\embed_uish.s
   Uses
      None
Comment: UISH unused
__user_initial_stackheap 00000008

Symbol: __user_initial_stackheap
   Definitions
      At line 49 in file board\src\embed_uish.s
   Uses
      At line 47 in file board\src\embed_uish.s
Comment: __user_initial_stackheap used once
heap_base 00000000

Symbol: heap_base
   Definitions
      At line 41 in file board\src\embed_uish.s
   Uses
      At line 50 in file board\src\embed_uish.s
Comment: heap_base used once
heap_limit 00000004

Symbol: heap_limit
   Definitions
      At line 42 in file board\src\embed_uish.s
   Uses
      None
Comment: heap_limit unused
4 symbols



ARM Macro Assembler    Page 1 Alphabetic symbol ordering
External symbols

|Image$$RAM_HEAP$$ZI$$Base| 00000000

Symbol: |Image$$RAM_HEAP$$ZI$$Base|
   Definitions
      At line 38 in file board\src\embed_uish.s
   Uses
      At line 41 in file board\src\embed_uish.s
Comment: |Image$$RAM_HEAP$$ZI$$Base| used once
|Image$$RAM_HEAP$$ZI$$Limit| 00000000

Symbol: |Image$$RAM_HEAP$$ZI$$Limit|
   Definitions
      At line 39 in file board\src\embed_uish.s
   Uses
      At line 42 in file board\src\embed_uish.s
Comment: |Image$$RAM_HEAP$$ZI$$Limit| used once
2 symbols
340 symbols in table
