


ARM Macro Assembler    Page 1 


    1 00000000         ;
    2 00000000         ;Copyright (c) 2008 Mars Semiconductor Corp.
    3 00000000         ;
    4 00000000         ;Module Name:
    5 00000000         ;
    6 00000000         ; initcache.s
    7 00000000         ;
    8 00000000         ;Abstract:
    9 00000000         ;
   10 00000000         ;    The cache initialization routines.
   11 00000000         ; It is called by $Sub$$main(), before the main applicat
                       ion is entered
   12 00000000         ;
   13 00000000         ;Environment:
   14 00000000         ;
   15 00000000         ;    ARM RealView Developer Suite
   16 00000000         ;
   17 00000000         ;Revision History:
   18 00000000         ; 
   19 00000000         ; 2005/08/26 David Tsai Create 
   20 00000000         ;
   21 00000000         
   22 00000000         ;CY 1023
   23 00000000         
   24 00000000                 PRESERVE8
   25 00000000         
   26 00000000                 AREA             InitCACHE, CODE, READONLY ; nam
                                                            e this block of cod
                                                            e
   27 00000000         
   28 00000000                 EXPORT           InitCache
   29 00000000         InitCache
                               FUNCTION
   30 00000000         
   31 00000000         ;
   32 00000000         ; Set global core configurations
   33 00000000         ;===============================
   34 00000000         ;
   35 00000000 EE110F10        MRC              p15, 0, r0, c1, c0, 0 ; read CP
                                                            15 register 1 into 
                                                            r0
   36 00000004         
   37 00000004 E3800A01        ORR              r0, r0, #(0x1  <<12) 
                                                            ; enable I Cache
   38 00000008 E3800004        ORR              r0, r0, #(0x1  <<2) 
                                                            ; enable D Cache
   39 0000000C         
   40 0000000C EE010F10        MCR              p15, 0, r0, c1, c0, 0 ; write C
                                                            P15 register 1
   41 00000010 E1A0F00E        MOV              pc, lr
   42 00000014                 ENDFUNC
   43 00000014         
   44 00000014                 END                          ; mark the end of t
                                                            his file
Command Line: --debug --xref --diag_suppress=9931 --depend=.\out\obj\initcache.
d -o.\out\obj\initcache.o -I.\inc -IC:\Keil_v5\ARM\RV31\INC -IC:\Keil_v5\ARM\CM
SIS\Include --predefine="__UVISION_VERSION SETA 518" --predefine="USE_SCATTER_S
YMS SETA 1" --list=.\out\lst\initcache.lst board\src\initcache.s



ARM Macro Assembler    Page 1 Alphabetic symbol ordering
Relocatable symbols

InitCACHE 00000000

Symbol: InitCACHE
   Definitions
      At line 26 in file board\src\initcache.s
   Uses
      None
Comment: InitCACHE unused
InitCache 00000000

Symbol: InitCache
   Definitions
      At line 29 in file board\src\initcache.s
   Uses
      At line 28 in file board\src\initcache.s
Comment: InitCache used once
2 symbols
334 symbols in table
